Arguments: 
  /home/eb/.nvm/versions/node/v8.9.1/bin/node /home/eb/.nvm/versions/node/v8.9.1/bin/yarn init

PATH: 
  /home/eb/.yarn/bin:/home/eb/.nvm/versions/node/v8.9.1/bin:/home/eb/bin:/home/eb/.local/bin:/home/eb/.npm-global/bin:/home/eb/browserdrivers:/usr/local/sbin:/usr/local/bin:/usr/sbin:/usr/bin:/sbin:/bin:/usr/games:/usr/local/games

Yarn version: 
  1.3.2

Node version: 
  8.9.1

Platform: 
  linux x64

npm manifest: 
  No manifest

yarn manifest: 
  No manifest

Lockfile: 
  No lockfile

Trace: 
  Error: canceled
      at Interface.<anonymous> (/home/eb/.nvm/versions/node/v8.9.1/lib/node_modules/yarn/lib/cli.js:121045:13)
      at emitNone (events.js:106:13)
      at Interface.emit (events.js:208:7)
      at Interface._ttyWrite (readline.js:775:16)
      at ReadStream.onkeypress (readline.js:160:10)
      at emitTwo (events.js:126:13)
      at ReadStream.emit (events.js:214:7)
      at emitKeys (internal/readline.js:420:14)
      at emitKeys.next (<anonymous>)
      at ReadStream.onData (readline.js:1011:36)
